v ATLAS
# This file was created by ATLAS version 5.28.1.R on Fri Oct 25 05:27:15 2024.
#SSF 2.0 generic
##############################################################################
#                    Copyright (c) 1984 - 2019                               #
#                    Silvaco Inc. All rights reserved                        #
#                                                                            #
# This file format and the following Key are copyright Silvaco Inc.          #
# You may not use, this format or key without reproducing this message in    #
# full and obtaining express written permission from Silvaco Inc.            #
#                                                                            #
# To obtain such permission please contact: Silvaco Inc.                     #
#                                           support@silvaco.com              #
#                                                                            #
# KEY=SVC86hn7562asdx                       PROD=345                         #
##############################################################################
y 3 700 711 15
z 0.25 0.00499329 300
f 3 "source" "gate" "drain" 
p 9 2 601 20 3 602 21 4 603 22 
d 0.000000000e+000 0.000000000e+000 1.074748084e-020 0.000000000e+000 0.000000000e+000 5.294427816e-032 0.000000000e+000 0.000000000e+000 -2.360147267e-020 
d 0.000000000e+000 0.000000000e+000 -7.908002893e-006 0.000000000e+000 0.000000000e+000 -1.553768492e-017 1.000000000e-002 1.000000000e-002 7.908002893e-006 
d 0.000000000e+000 0.000000000e+000 -1.897079866e-005 0.000000000e+000 0.000000000e+000 -3.198077654e-017 2.500000000e-002 2.500000000e-002 1.897079866e-005 
d 0.000000000e+000 0.000000000e+000 -3.429108879e-005 0.000000000e+000 0.000000000e+000 -4.774498504e-017 5.000000000e-002 5.000000000e-002 3.429108879e-005 
d 0.000000000e+000 0.000000000e+000 -4.369095332e-005 0.000000000e+000 0.000000000e+000 -5.479649271e-017 7.500000000e-002 7.500000000e-002 4.369095332e-005 
d 0.000000000e+000 0.000000000e+000 -4.810448182e-005 0.000000000e+000 0.000000000e+000 -5.768932878e-017 1.000000000e-001 1.000000000e-001 4.810448182e-005 
d 0.000000000e+000 0.000000000e+000 -5.041259281e-005 0.000000000e+000 0.000000000e+000 -5.910385057e-017 1.250000000e-001 1.250000000e-001 5.041259281e-005 
d 0.000000000e+000 0.000000000e+000 -5.191081338e-005 0.000000000e+000 0.000000000e+000 -5.995940579e-017 1.500000000e-001 1.500000000e-001 5.191081338e-005 
d 0.000000000e+000 0.000000000e+000 -5.306841195e-005 0.000000000e+000 0.000000000e+000 -6.057123580e-017 1.750000000e-001 1.750000000e-001 5.306841195e-005 
d 0.000000000e+000 0.000000000e+000 -5.407632122e-005 0.000000000e+000 0.000000000e+000 -6.106593897e-017 2.000000000e-001 2.000000000e-001 5.407632122e-005 
d 0.000000000e+000 0.000000000e+000 -5.587410748e-005 0.000000000e+000 0.000000000e+000 -6.187802457e-017 2.500000000e-001 2.500000000e-001 5.587410748e-005 
d 0.000000000e+000 0.000000000e+000 -5.748680144e-005 0.000000000e+000 0.000000000e+000 -6.255012021e-017 3.000000000e-001 3.000000000e-001 5.748680144e-005 
d 0.000000000e+000 0.000000000e+000 -5.897281175e-005 0.000000000e+000 0.000000000e+000 -6.313214389e-017 3.500000000e-001 3.500000000e-001 5.897281175e-005 
d 0.000000000e+000 0.000000000e+000 -6.034411491e-005 0.000000000e+000 0.000000000e+000 -6.364415436e-017 4.000000000e-001 4.000000000e-001 6.034411491e-005 
d 0.000000000e+000 0.000000000e+000 -6.161200484e-005 0.000000000e+000 0.000000000e+000 -6.409928790e-017 4.500000000e-001 4.500000000e-001 6.161200484e-005 
d 0.000000000e+000 0.000000000e+000 -6.280010578e-005 0.000000000e+000 0.000000000e+000 -6.451042540e-017 5.000000000e-001 5.000000000e-001 6.280010578e-005 
d 0.000000000e+000 0.000000000e+000 -6.392441506e-005 0.000000000e+000 0.000000000e+000 -6.488673174e-017 5.500000000e-001 5.500000000e-001 6.392441506e-005 
d 0.000000000e+000 0.000000000e+000 -6.498720685e-005 0.000000000e+000 0.000000000e+000 -6.523276294e-017 6.000000000e-001 6.000000000e-001 6.498720685e-005 
d 0.000000000e+000 0.000000000e+000 -6.598758246e-005 0.000000000e+000 0.000000000e+000 -6.555112557e-017 6.500000000e-001 6.500000000e-001 6.598758246e-005 
d 0.000000000e+000 0.000000000e+000 -6.693073752e-005 0.000000000e+000 0.000000000e+000 -6.584490494e-017 7.000000000e-001 7.000000000e-001 6.693073752e-005 
d 0.000000000e+000 0.000000000e+000 -6.782777548e-005 0.000000000e+000 0.000000000e+000 -6.611815532e-017 7.500000000e-001 7.500000000e-001 6.782777548e-005 
d 0.000000000e+000 0.000000000e+000 -6.868939306e-005 0.000000000e+000 0.000000000e+000 -6.637484884e-017 8.000000000e-001 8.000000000e-001 6.868939306e-005 
d 0.000000000e+000 0.000000000e+000 -6.952072037e-005 0.000000000e+000 0.000000000e+000 -6.661766301e-017 8.500000000e-001 8.500000000e-001 6.952072037e-005 
d 0.000000000e+000 0.000000000e+000 -7.032153370e-005 0.000000000e+000 0.000000000e+000 -6.684790273e-017 9.000000000e-001 9.000000000e-001 7.032153370e-005 
d 0.000000000e+000 0.000000000e+000 -7.182406900e-005 0.000000000e+000 0.000000000e+000 -6.727284475e-017 1.000000000e+000 1.000000000e+000 7.182406900e-005 
d 0.000000000e+000 0.000000000e+000 -7.449914208e-005 0.000000000e+000 0.000000000e+000 -6.800480474e-017 1.200000000e+000 1.200000000e+000 7.449914208e-005 
d 0.000000000e+000 0.000000000e+000 -7.692365631e-005 0.000000000e+000 0.000000000e+000 -6.863632751e-017 1.400000000e+000 1.400000000e+000 7.692365631e-005 
d 0.000000000e+000 0.000000000e+000 -7.907780432e-005 0.000000000e+000 0.000000000e+000 -6.918966014e-017 1.600000000e+000 1.600000000e+000 7.907780432e-005 
d 0.000000000e+000 0.000000000e+000 -8.101471776e-005 0.000000000e+000 0.000000000e+000 -6.967458767e-017 1.800000000e+000 1.800000000e+000 8.101471776e-005 
d 0.000000000e+000 0.000000000e+000 -8.287207331e-005 0.000000000e+000 0.000000000e+000 -7.011810994e-017 2.000000000e+000 2.000000000e+000 8.287207331e-005 
d 0.000000000e+000 0.000000000e+000 -8.463767258e-005 0.000000000e+000 0.000000000e+000 -7.053517124e-017 2.200000000e+000 2.200000000e+000 8.463767258e-005 
d 0.000000000e+000 0.000000000e+000 -8.625954665e-005 0.000000000e+000 0.000000000e+000 -7.092695842e-017 2.400000000e+000 2.400000000e+000 8.625954665e-005 
d 0.000000000e+000 0.000000000e+000 -8.779276676e-005 0.000000000e+000 0.000000000e+000 -7.129183100e-017 2.600000000e+000 2.600000000e+000 8.779276676e-005 
d 0.000000000e+000 0.000000000e+000 -8.932620897e-005 0.000000000e+000 0.000000000e+000 -7.163218156e-017 2.800000000e+000 2.800000000e+000 8.932620897e-005 
d 0.000000000e+000 0.000000000e+000 -9.085600674e-005 0.000000000e+000 0.000000000e+000 -7.195179328e-017 3.000000000e+000 3.000000000e+000 9.085600674e-005 
