v ATLAS
# This file was created by ATLAS version 5.28.1.R on Fri Oct 25 05:26:42 2024.
#SSF 2.0 generic
##############################################################################
#                    Copyright (c) 1984 - 2019                               #
#                    Silvaco Inc. All rights reserved                        #
#                                                                            #
# This file format and the following Key are copyright Silvaco Inc.          #
# You may not use, this format or key without reproducing this message in    #
# full and obtaining express written permission from Silvaco Inc.            #
#                                                                            #
# To obtain such permission please contact: Silvaco Inc.                     #
#                                           support@silvaco.com              #
#                                                                            #
# KEY=SVC86hn7562asdx                       PROD=345                         #
##############################################################################
y 3 700 711 15
z 0.25 0.00499329 300
f 3 "source" "gate" "drain" 
p 9 2 601 20 3 602 21 4 603 22 
d 0.000000000e+000 0.000000000e+000 2.371128672e-018 0.000000000e+000 0.000000000e+000 -1.582743622e-029 0.000000000e+000 0.000000000e+000 -8.866820119e-020 
d 0.000000000e+000 0.000000000e+000 -9.037445830e-006 0.000000000e+000 0.000000000e+000 -5.397568972e-016 1.000000000e-002 1.000000000e-002 9.037445831e-006 
d 0.000000000e+000 0.000000000e+000 -2.176097318e-005 0.000000000e+000 0.000000000e+000 2.273155437e-015 2.500000000e-002 2.500000000e-002 2.176097318e-005 
d 0.000000000e+000 0.000000000e+000 -4.095532412e-005 0.000000000e+000 0.000000000e+000 2.628037154e-014 5.000000000e-002 5.000000000e-002 4.095532409e-005 
d 0.000000000e+000 0.000000000e+000 -4.970988212e-005 0.000000000e+000 0.000000000e+000 6.505761267e-014 6.250000000e-002 6.250000000e-002 4.970988206e-005 
d 0.000000000e+000 0.000000000e+000 -5.795753699e-005 0.000000000e+000 0.000000000e+000 1.556081804e-013 7.500000000e-002 7.500000000e-002 5.795753683e-005 
d 0.000000000e+000 0.000000000e+000 -6.573470435e-005 0.000000000e+000 0.000000000e+000 3.664580214e-013 8.750000000e-002 8.750000000e-002 6.573470398e-005 
d 0.000000000e+000 0.000000000e+000 -7.307041059e-005 0.000000000e+000 0.000000000e+000 8.443506635e-013 1.000000000e-001 1.000000000e-001 7.307040974e-005 
d 0.000000000e+000 0.000000000e+000 -8.650667792e-005 0.000000000e+000 0.000000000e+000 4.053614247e-012 1.250000000e-001 1.250000000e-001 8.650667387e-005 
d 0.000000000e+000 0.000000000e+000 -9.840697713e-005 0.000000000e+000 0.000000000e+000 1.638102415e-011 1.500000000e-001 1.500000000e-001 9.840696075e-005 
d 0.000000000e+000 0.000000000e+000 -1.088691639e-004 0.000000000e+000 0.000000000e+000 5.516506224e-011 1.750000000e-001 1.750000000e-001 1.088691087e-004 
d 0.000000000e+000 0.000000000e+000 -1.179698004e-004 0.000000000e+000 0.000000000e+000 1.570395069e-010 2.000000000e-001 2.000000000e-001 1.179696434e-004 
d 0.000000000e+000 0.000000000e+000 -1.257714575e-004 0.000000000e+000 0.000000000e+000 3.865338165e-010 2.250000000e-001 2.250000000e-001 1.257710710e-004 
d 0.000000000e+000 0.000000000e+000 -1.323014180e-004 0.000000000e+000 0.000000000e+000 8.416503654e-010 2.500000000e-001 2.500000000e-001 1.323005764e-004 
d 0.000000000e+000 0.000000000e+000 -1.413747017e-004 0.000000000e+000 0.000000000e+000 2.986999544e-009 3.000000000e-001 3.000000000e-001 1.413717147e-004 
d 0.000000000e+000 0.000000000e+000 -1.432045977e-004 0.000000000e+000 0.000000000e+000 7.885114678e-009 3.500000000e-001 3.500000000e-001 1.431967126e-004 
d 0.000000000e+000 0.000000000e+000 -1.391055630e-004 0.000000000e+000 0.000000000e+000 1.682440207e-008 4.000000000e-001 4.000000000e-001 1.390887385e-004 
d 0.000000000e+000 0.000000000e+000 -1.363132405e-004 0.000000000e+000 0.000000000e+000 3.130783098e-008 4.500000000e-001 4.500000000e-001 1.362819326e-004 
d 0.000000000e+000 0.000000000e+000 -1.348085623e-004 0.000000000e+000 0.000000000e+000 5.283968424e-008 5.000000000e-001 5.000000000e-001 1.347557226e-004 
d 0.000000000e+000 0.000000000e+000 -1.338422287e-004 0.000000000e+000 0.000000000e+000 8.245579171e-008 5.500000000e-001 5.500000000e-001 1.337597729e-004 
d 0.000000000e+000 0.000000000e+000 -1.336550503e-004 0.000000000e+000 0.000000000e+000 1.191560536e-007 6.000000000e-001 6.000000000e-001 1.335358943e-004 
d 0.000000000e+000 0.000000000e+000 -1.336244065e-004 0.000000000e+000 0.000000000e+000 1.620278254e-007 6.500000000e-001 6.500000000e-001 1.334623786e-004 
d 0.000000000e+000 0.000000000e+000 -1.335525280e-004 0.000000000e+000 0.000000000e+000 2.157945995e-007 7.000000000e-001 7.000000000e-001 1.333367334e-004 
d 0.000000000e+000 0.000000000e+000 -1.340145956e-004 0.000000000e+000 0.000000000e+000 2.748106741e-007 7.500000000e-001 7.500000000e-001 1.337397849e-004 
d 0.000000000e+000 0.000000000e+000 -1.345355763e-004 0.000000000e+000 0.000000000e+000 3.387988613e-007 8.000000000e-001 8.000000000e-001 1.341967774e-004 
d 0.000000000e+000 0.000000000e+000 -1.348448841e-004 0.000000000e+000 0.000000000e+000 4.097855607e-007 8.500000000e-001 8.500000000e-001 1.344350985e-004 
d 0.000000000e+000 0.000000000e+000 -1.352874210e-004 0.000000000e+000 0.000000000e+000 4.913549617e-007 9.000000000e-001 9.000000000e-001 1.347960660e-004 
d 0.000000000e+000 0.000000000e+000 -1.366340347e-004 0.000000000e+000 0.000000000e+000 6.639164882e-007 1.000000000e+000 1.000000000e+000 1.359701182e-004 
d 0.000000000e+000 0.000000000e+000 -1.389248279e-004 0.000000000e+000 0.000000000e+000 1.048709908e-006 1.200000000e+000 1.200000000e+000 1.378761180e-004 
d 0.000000000e+000 0.000000000e+000 -1.420563500e-004 0.000000000e+000 0.000000000e+000 1.481028324e-006 1.400000000e+000 1.400000000e+000 1.405753217e-004 
d 0.000000000e+000 0.000000000e+000 -1.451516829e-004 0.000000000e+000 0.000000000e+000 1.881516803e-006 1.600000000e+000 1.600000000e+000 1.432701661e-004 
d 0.000000000e+000 0.000000000e+000 -1.479613071e-004 0.000000000e+000 0.000000000e+000 2.286308506e-006 1.800000000e+000 1.800000000e+000 1.456749986e-004 
d 0.000000000e+000 0.000000000e+000 -1.511154416e-004 0.000000000e+000 0.000000000e+000 2.722115037e-006 2.000000000e+000 2.000000000e+000 1.483933265e-004 
d 0.000000000e+000 0.000000000e+000 -1.542603393e-004 0.000000000e+000 0.000000000e+000 3.155049789e-006 2.200000000e+000 2.200000000e+000 1.511052895e-004 
d 0.000000000e+000 0.000000000e+000 -1.572859759e-004 0.000000000e+000 0.000000000e+000 3.565081505e-006 2.400000000e+000 2.400000000e+000 1.537208944e-004 
d 0.000000000e+000 0.000000000e+000 -1.596587087e-004 0.000000000e+000 0.000000000e+000 3.898576589e-006 2.600000000e+000 2.600000000e+000 1.557601321e-004 
d 0.000000000e+000 0.000000000e+000 -1.622628325e-004 0.000000000e+000 0.000000000e+000 4.305726368e-006 2.800000000e+000 2.800000000e+000 1.579571061e-004 
d 0.000000000e+000 0.000000000e+000 -1.647406210e-004 0.000000000e+000 0.000000000e+000 4.710188279e-006 3.000000000e+000 3.000000000e+000 1.600304327e-004 
